<?xml version="1.0" encoding="UTF-8"?>
<!-- Generated by org.testng.reporters.JUnitReportReporter -->
<testsuite hostname="chenpenndeMBP.lan" name="cn.com.APPIUM.Testing.MobileAT.testcase.startAppiumLocalService" tests="1" failures="1" timestamp="13 Aug 2016 14:51:56 GMT" time="5.063" errors="0">
  <testcase name="testfindElementByIosUIAutomation" time="5.063" classname="cn.com.APPIUM.Testing.MobileAT.testcase.startAppiumLocalService">
    <failure type="org.openqa.selenium.NoSuchElementException" message="An element could not be located on the page using the given search parameters. (WARNING: The server did not provide any stacktrace information)
Command duration or timeout: 5.04 seconds
For documentation on this error, please visit: http://seleniumhq.org/exceptions/no_such_element.html
Build info: version: &#039;2.45.0&#039;, revision: &#039;5017cb8e7ca8e37638dc3091b2440b90a1d8686f&#039;, time: &#039;2015-02-27 09:10:26&#039;
System info: host: &#039;chenpenndeMBP.lan&#039;, ip: &#039;192.168.99.194&#039;, os.name: &#039;Mac OS X&#039;, os.arch: &#039;x86_64&#039;, os.version: &#039;10.11.5&#039;, java.version: &#039;1.8.0_65&#039;
Driver info: io.appium.java_client.ios.IOSDriver
Capabilities [{networkConnectionEnabled=false, bundleId=com.opentrans.kaka, databaseEnabled=false, deviceName=iPhone 5, platform=MAC, desired={platformVersion=9.2.1, bundleId=com.opentrans.kaka, ipa=/Users/chenpenn/Desktop/KaKa_iOS.ipa, platformName=iOS, udid=09d0051562ad9a0398fcbd94de68a719a8153689, deviceName=iPhone 5}, platformVersion=9.2.1, webStorageEnabled=false, locationContextEnabled=false, browserName=, takesScreenshot=true, javascriptEnabled=true, ipa=/Users/chenpenn/Desktop/KaKa_iOS.ipa, platformName=iOS, udid=09d0051562ad9a0398fcbd94de68a719a8153689}]
Session ID: 5326e3ed-4ead-4333-b66d-112a4b935fe6
*** Element info: {Using=-ios uiautomation, value=.navigationBars()[0].buttons().withPredicate(&quot;name == &#039;search&#039;&quot;)}">
      <![CDATA[org.openqa.selenium.NoSuchElementException: An element could not be located on the page using the given search parameters. (WARNING: The server did not provide any stacktrace information)
Command duration or timeout: 5.04 seconds
For documentation on this error, please visit: http://seleniumhq.org/exceptions/no_such_element.html
Build info: version: '2.45.0', revision: '5017cb8e7ca8e37638dc3091b2440b90a1d8686f', time: '2015-02-27 09:10:26'
System info: host: 'chenpenndeMBP.lan', ip: '192.168.99.194', os.name: 'Mac OS X', os.arch: 'x86_64', os.version: '10.11.5', java.version: '1.8.0_65'
Driver info: io.appium.java_client.ios.IOSDriver
Capabilities [{networkConnectionEnabled=false, bundleId=com.opentrans.kaka, databaseEnabled=false, deviceName=iPhone 5, platform=MAC, desired={platformVersion=9.2.1, bundleId=com.opentrans.kaka, ipa=/Users/chenpenn/Desktop/KaKa_iOS.ipa, platformName=iOS, udid=09d0051562ad9a0398fcbd94de68a719a8153689, deviceName=iPhone 5}, platformVersion=9.2.1, webStorageEnabled=false, locationContextEnabled=false, browserName=, takesScreenshot=true, javascriptEnabled=true, ipa=/Users/chenpenn/Desktop/KaKa_iOS.ipa, platformName=iOS, udid=09d0051562ad9a0398fcbd94de68a719a8153689}]
Session ID: 5326e3ed-4ead-4333-b66d-112a4b935fe6
*** Element info: {Using=-ios uiautomation, value=.navigationBars()[0].buttons().withPredicate("name == 'search'")}
	at sun.reflect.NativeConstructorAccessorImpl.newInstance0(Native Method)
	at sun.reflect.NativeConstructorAccessorImpl.newInstance(NativeConstructorAccessorImpl.java:62)
	at sun.reflect.DelegatingConstructorAccessorImpl.newInstance(DelegatingConstructorAccessorImpl.java:45)
	at java.lang.reflect.Constructor.newInstance(Constructor.java:422)
	at org.openqa.selenium.remote.ErrorHandler.createThrowable(ErrorHandler.java:204)
	at org.openqa.selenium.remote.ErrorHandler.throwIfResponseFailed(ErrorHandler.java:156)
	at org.openqa.selenium.remote.RemoteWebDriver.execute(RemoteWebDriver.java:599)
	at io.appium.java_client.DefaultGenericMobileDriver.execute(DefaultGenericMobileDriver.java:40)
	at io.appium.java_client.AppiumDriver.execute(AppiumDriver.java:1)
	at io.appium.java_client.ios.IOSDriver.execute(IOSDriver.java:1)
	at org.openqa.selenium.remote.RemoteWebDriver.findElement(RemoteWebDriver.java:352)
	at io.appium.java_client.DefaultGenericMobileDriver.findElement(DefaultGenericMobileDriver.java:56)
	at io.appium.java_client.AppiumDriver.findElement(AppiumDriver.java:1)
	at io.appium.java_client.ios.IOSDriver.findElement(IOSDriver.java:1)
	at io.appium.java_client.ios.IOSDriver.findElementByIosUIAutomation(IOSDriver.java:202)
	at io.appium.java_client.MobileBy$ByIosUIAutomation.findElement(MobileBy.java:92)
	at org.openqa.selenium.remote.RemoteWebDriver.findElement(RemoteWebDriver.java:344)
	at io.appium.java_client.DefaultGenericMobileDriver.findElement(DefaultGenericMobileDriver.java:52)
	at io.appium.java_client.AppiumDriver.findElement(AppiumDriver.java:1)
	at io.appium.java_client.ios.IOSDriver.findElement(IOSDriver.java:1)
	at cn.com.APPIUM.Testing.MobileAT.testcase.startAppiumLocalService.testfindElementByIosUIAutomation(startAppiumLocalService.java:52)
	at sun.reflect.NativeMethodAccessorImpl.invoke0(Native Method)
	at sun.reflect.NativeMethodAccessorImpl.invoke(NativeMethodAccessorImpl.java:62)
	at sun.reflect.DelegatingMethodAccessorImpl.invoke(DelegatingMethodAccessorImpl.java:43)
	at java.lang.reflect.Method.invoke(Method.java:497)
	at org.testng.internal.MethodInvocationHelper.invokeMethod(MethodInvocationHelper.java:84)
	at org.testng.internal.Invoker.invokeMethod(Invoker.java:714)
	at org.testng.internal.Invoker.invokeTestMethod(Invoker.java:901)
	at org.testng.internal.Invoker.invokeTestMethods(Invoker.java:1231)
	at org.testng.internal.TestMethodWorker.invokeTestMethods(TestMethodWorker.java:127)
	at org.testng.internal.TestMethodWorker.run(TestMethodWorker.java:111)
	at org.testng.TestRunner.privateRun(TestRunner.java:767)
	at org.testng.TestRunner.run(TestRunner.java:617)
	at org.testng.SuiteRunner.runTest(SuiteRunner.java:348)
	at org.testng.SuiteRunner.runSequentially(SuiteRunner.java:343)
	at org.testng.SuiteRunner.privateRun(SuiteRunner.java:305)
	at org.testng.SuiteRunner.run(SuiteRunner.java:254)
	at org.testng.SuiteRunnerWorker.runSuite(SuiteRunnerWorker.java:52)
	at org.testng.SuiteRunnerWorker.run(SuiteRunnerWorker.java:86)
	at org.testng.TestNG.runSuitesSequentially(TestNG.java:1224)
	at org.testng.TestNG.runSuitesLocally(TestNG.java:1149)
	at org.testng.TestNG.run(TestNG.java:1057)
	at org.testng.remote.AbstractRemoteTestNG.run(AbstractRemoteTestNG.java:126)
	at org.testng.remote.RemoteTestNG.initAndRun(RemoteTestNG.java:137)
	at org.testng.remote.RemoteTestNG.main(RemoteTestNG.java:58)
]]>
    </failure>
  </testcase> <!-- testfindElementByIosUIAutomation -->
</testsuite> <!-- cn.com.APPIUM.Testing.MobileAT.testcase.startAppiumLocalService -->
